<?xml version="1.0" encoding="UTF-8"?>
<testng-results ignored="0" total="1" passed="1" failed="0" skipped="0">
  <reporter-output>
  </reporter-output>
  <suite started-at="2025-11-17T11:45:09 IST" name="Automationpractice" finished-at="2025-11-17T11:45:39 IST" duration-ms="30157">
    <groups>
    </groups>
    <test started-at="2025-11-17T11:45:09 IST" name="SimpleExcution" finished-at="2025-11-17T11:45:39 IST" duration-ms="30157">
      <class name="testCases.TC002_LoginTest">
        <test-method is-config="true" signature="setup(java.lang.String)[pri:0, instance:testCases.TC002_LoginTest@1817f1eb]" started-at="2025-11-17T11:45:10 IST" name="setup" finished-at="2025-11-17T11:45:23 IST" duration-ms="13686" status="PASS">
          <params>
            <param index="0">
              <value>
                <![CDATA[chrome]]>
              </value>
            </param>
          </params>
          <reporter-output>
          </reporter-output>
        </test-method> <!-- setup -->
        <test-method signature="validLogin()[pri:0, instance:testCases.TC002_LoginTest@1817f1eb]" started-at="2025-11-17T11:45:23 IST" name="validLogin" finished-at="2025-11-17T11:45:38 IST" duration-ms="14998" status="PASS">
          <reporter-output>
          </reporter-output>
        </test-method> <!-- validLogin -->
        <test-method is-config="true" signature="tearDown()[pri:0, instance:testCases.TC002_LoginTest@1817f1eb]" started-at="2025-11-17T11:45:38 IST" name="tearDown" finished-at="2025-11-17T11:45:39 IST" duration-ms="642" status="PASS">
          <reporter-output>
          </reporter-output>
        </test-method> <!-- tearDown -->
      </class> <!-- testCases.TC002_LoginTest -->
    </test> <!-- SimpleExcution -->
  </suite> <!-- Automationpractice -->
</testng-results>
