<?xml version="1.0" encoding="UTF-8"?>
<testng-results ignored="0" total="4" passed="4" failed="0" skipped="0">
  <reporter-output>
  </reporter-output>
  <suite started-at="2025-11-19T16:36:40 IST" name="Automationpractice" finished-at="2025-11-19T16:37:47 IST" duration-ms="67655">
    <groups>
    </groups>
    <test started-at="2025-11-19T16:36:40 IST" name="SimpleExcution" finished-at="2025-11-19T16:37:47 IST" duration-ms="67655">
      <class name="testCases.TC005_NegativeRegister">
        <test-method is-config="true" signature="setup(java.lang.String)[pri:0, instance:testCases.TC005_NegativeRegister@aafcffa]" started-at="2025-11-19T16:36:42 IST" name="setup" finished-at="2025-11-19T16:37:18 IST" duration-ms="36686" status="PASS">
          <params>
            <param index="0">
              <value>
                <![CDATA[chrome]]>
              </value>
            </param>
          </params>
          <reporter-output>
          </reporter-output>
        </test-method> <!-- setup -->
        <test-method is-config="true" signature="setup()[pri:0, instance:testCases.TC005_NegativeRegister@aafcffa]" started-at="2025-11-19T16:37:18 IST" name="setup" finished-at="2025-11-19T16:37:19 IST" duration-ms="377" status="PASS">
          <reporter-output>
          </reporter-output>
        </test-method> <!-- setup -->
        <test-method signature="validateEmailformat()[pri:0, instance:testCases.TC005_NegativeRegister@aafcffa]" started-at="2025-11-19T16:37:19 IST" name="validateEmailformat" description="verify proper email add format is placed " finished-at="2025-11-19T16:37:23 IST" duration-ms="4249" status="PASS">
          <reporter-output>
          </reporter-output>
        </test-method> <!-- validateEmailformat -->
        <test-method is-config="true" signature="setup()[pri:0, instance:testCases.TC005_NegativeRegister@aafcffa]" started-at="2025-11-19T16:37:23 IST" name="setup" finished-at="2025-11-19T16:37:23 IST" duration-ms="1" status="PASS">
          <reporter-output>
          </reporter-output>
        </test-method> <!-- setup -->
        <test-method signature="validateEmptyEmail()[pri:0, instance:testCases.TC005_NegativeRegister@aafcffa]" started-at="2025-11-19T16:37:23 IST" name="validateEmptyEmail" description="verify Register without Email id " finished-at="2025-11-19T16:37:26 IST" duration-ms="2703" status="PASS">
          <reporter-output>
          </reporter-output>
        </test-method> <!-- validateEmptyEmail -->
        <test-method is-config="true" signature="setup()[pri:0, instance:testCases.TC005_NegativeRegister@aafcffa]" started-at="2025-11-19T16:37:26 IST" name="setup" finished-at="2025-11-19T16:37:26 IST" duration-ms="3" status="PASS">
          <reporter-output>
          </reporter-output>
        </test-method> <!-- setup -->
        <test-method signature="validateEmptyName()[pri:0, instance:testCases.TC005_NegativeRegister@aafcffa]" started-at="2025-11-19T16:37:26 IST" name="validateEmptyName" description="verify Registration when name filed isempty" finished-at="2025-11-19T16:37:27 IST" duration-ms="1714" status="PASS">
          <reporter-output>
          </reporter-output>
        </test-method> <!-- validateEmptyName -->
        <test-method is-config="true" signature="setup()[pri:0, instance:testCases.TC005_NegativeRegister@aafcffa]" started-at="2025-11-19T16:37:27 IST" name="setup" finished-at="2025-11-19T16:37:27 IST" duration-ms="6" status="PASS">
          <reporter-output>
          </reporter-output>
        </test-method> <!-- setup -->
        <test-method signature="validateExstingUser()[pri:0, instance:testCases.TC005_NegativeRegister@aafcffa]" started-at="2025-11-19T16:37:27 IST" name="validateExstingUser" description="verify the user is already registered" finished-at="2025-11-19T16:37:47 IST" duration-ms="19126" status="PASS">
          <reporter-output>
          </reporter-output>
        </test-method> <!-- validateExstingUser -->
        <test-method is-config="true" signature="tearDown()[pri:0, instance:testCases.TC005_NegativeRegister@aafcffa]" started-at="2025-11-19T16:37:47 IST" name="tearDown" finished-at="2025-11-19T16:37:47 IST" duration-ms="821" status="PASS">
          <reporter-output>
          </reporter-output>
        </test-method> <!-- tearDown -->
      </class> <!-- testCases.TC005_NegativeRegister -->
    </test> <!-- SimpleExcution -->
  </suite> <!-- Automationpractice -->
</testng-results>
