<?xml version="1.0" encoding="UTF-8"?>
<!-- Generated by org.testng.reporters.JUnitXMLReporter -->
<testsuite ignored="0" hostname="DESKTOP-MSKAOE1" failures="1" tests="1" name="SimpleExcution(failed)(failed)" time="65.819" errors="0" timestamp="2025-11-17T11:10:01 IST">
  <testcase classname="testCases.TC003_DDTLogin" name="ddtLoginTest" time="5.069">
    <failure type="java.lang.AssertionError" message="null">
      <![CDATA[java.lang.AssertionError: null
at testCases.TC003_DDTLogin.ddtLoginTest(TC003_DDTLogin.java:46)
at java.base/java.util.ArrayList.forEach(ArrayList.java:1596)
... Removed 27 stack frames]]>
    </failure>
  </testcase> <!-- ddtLoginTest -->
</testsuite> <!-- SimpleExcution(failed)(failed) -->
