<?xml version="1.0" encoding="UTF-8"?>
<!-- Generated by org.testng.reporters.JUnitXMLReporter -->
<testsuite ignored="0" hostname="DESKTOP-MSKAOE1" failures="1" tests="5" name="SimpleExcution" time="137.39" errors="0" timestamp="2025-11-17T10:58:10 IST">
  <testcase classname="testCases.TC003_DDTLogin" name="ddtLoginTest" time="16.702"/>
  <testcase classname="testCases.TC003_DDTLogin" name="ddtLoginTest" time="15.62"/>
  <testcase classname="testCases.TC003_DDTLogin" name="ddtLoginTest" time="15.422"/>
  <testcase classname="testCases.TC003_DDTLogin" name="ddtLoginTest" time="16.375">
    <failure type="java.lang.AssertionError" message="expected [true] but found [false]">
      <![CDATA[java.lang.AssertionError: expected [true] but found [false]
at testCases.TC003_DDTLogin.ddtLoginTest(TC003_DDTLogin.java:33)
at java.base/java.util.ArrayList.forEach(ArrayList.java:1596)
... Removed 29 stack frames]]>
    </failure>
  </testcase> <!-- ddtLoginTest -->
  <testcase classname="testCases.TC003_DDTLogin" name="ddtLoginTest" time="14.806"/>
</testsuite> <!-- SimpleExcution -->
