<?xml version="1.0" encoding="UTF-8"?>
<!-- Generated by org.testng.reporters.JUnitXMLReporter -->
<testsuite ignored="0" hostname="DESKTOP-MSKAOE1" failures="0" tests="4" name="SimpleExcution" time="67.655" errors="0" timestamp="2025-11-19T16:37:50 IST">
  <testcase classname="testCases.TC005_NegativeRegister" name="validateEmailformat" time="4.249"/>
  <testcase classname="testCases.TC005_NegativeRegister" name="validateEmptyEmail" time="2.703"/>
  <testcase classname="testCases.TC005_NegativeRegister" name="validateEmptyName" time="1.714"/>
  <testcase classname="testCases.TC005_NegativeRegister" name="validateExstingUser" time="19.126"/>
</testsuite> <!-- SimpleExcution -->
