<?xml version="1.0" encoding="UTF-8"?>
<!-- Generated by org.testng.reporters.JUnitReportReporter -->
<testsuite hostname="DESKTOP-MSKAOE1" failures="0" tests="4" name="testCases.TC005_NegativeRegister" time="28.179" errors="0" timestamp="2025-11-19T16:37:52 IST" skipped="0">
  <testcase classname="testCases.TC005_NegativeRegister" name="validateEmptyName" time="1.715"/>
  <testcase classname="testCases.TC005_NegativeRegister" name="validateEmailformat" time="4.626"/>
  <testcase classname="testCases.TC005_NegativeRegister" name="validateEmptyEmail" time="2.706"/>
  <testcase classname="testCases.TC005_NegativeRegister" name="validateExstingUser" time="19.132"/>
</testsuite> <!-- testCases.TC005_NegativeRegister -->
